Build started 1/25/2015 3:40:04 PM.
     1>Project "D:\programming\home_work\projects\IS_Sim\InstructionSetSimulator\is_simulator\is_simulator.vcxproj" on node 2 (Build target(s)).
     1>ClCompile:
         C:\Program Files (x86)\Microsoft Visual Studio 11.0\VC\bin\CL.exe /c /ZI /nologo /W3 /WX- /Od /Oy- /D _CRT_SECURE_NO_WARNINGS /D _MBCS /Gm /EHsc /RTC1 /MDd /GS /fp:precise /Zc:wchar_t /Zc:forScope /Fo"Debug\\" /Fd"Debug\vc110.pdb" /Gd /TC /analyze- /errorReport:prompt cmd_parser.c
         cmd_parser.c
     1>d:\programming\home_work\projects\is_sim\instructionsetsimulator\is_simulator\cmd_parser.c(68): warning C4047: '=' : 'unsigned char *' differs in levels of indirection from 'unsigned char'
     1>d:\programming\home_work\projects\is_sim\instructionsetsimulator\is_simulator\cmd_parser.c(171): error C2039: 'argOne' : is not a member of 'Command'
                 d:\programming\home_work\projects\is_sim\instructionsetsimulator\is_simulator\state_machine.h(13) : see declaration of 'Command'
     1>d:\programming\home_work\projects\is_sim\instructionsetsimulator\is_simulator\cmd_parser.c(175): error C2039: 'argOne' : is not a member of 'Command'
                 d:\programming\home_work\projects\is_sim\instructionsetsimulator\is_simulator\state_machine.h(13) : see declaration of 'Command'
     1>d:\programming\home_work\projects\is_sim\instructionsetsimulator\is_simulator\cmd_parser.c(176): error C2039: 'argTwo' : is not a member of 'Command'
                 d:\programming\home_work\projects\is_sim\instructionsetsimulator\is_simulator\state_machine.h(13) : see declaration of 'Command'
     1>d:\programming\home_work\projects\is_sim\instructionsetsimulator\is_simulator\cmd_parser.c(180): error C2039: 'argOne' : is not a member of 'Command'
                 d:\programming\home_work\projects\is_sim\instructionsetsimulator\is_simulator\state_machine.h(13) : see declaration of 'Command'
     1>d:\programming\home_work\projects\is_sim\instructionsetsimulator\is_simulator\cmd_parser.c(181): error C2039: 'argTwo' : is not a member of 'Command'
                 d:\programming\home_work\projects\is_sim\instructionsetsimulator\is_simulator\state_machine.h(13) : see declaration of 'Command'
     1>Done Building Project "D:\programming\home_work\projects\IS_Sim\InstructionSetSimulator\is_simulator\is_simulator.vcxproj" (Build target(s)) -- FAILED.

Build FAILED.

Time Elapsed 00:00:00.13
